<?xml version="1.0" encoding="UTF-8"?>
<testsuite name="SavingsAccountTest" tests="3" skipped="0" failures="0" errors="0" timestamp="2024-09-01T18:51:57" hostname="DESKTOP-UDVG34B" time="0.002">
  <properties/>
  <testcase name="monthlyWithdrawalLimit()" classname="SavingsAccountTest" time="0.001"/>
  <testcase name="depositWithinLimit()" classname="SavingsAccountTest" time="0.0"/>
  <testcase name="depositAboveLimit()" classname="SavingsAccountTest" time="0.0"/>
  <system-out><![CDATA[]]></system-out>
  <system-err><![CDATA[]]></system-err>
</testsuite>
